  stdafx.cpp
  Base.cpp
  Change.cpp
E:\2024-2025\OOP\ProjectSVG\TeamProject\SVGDemo\SVGDemo\Base.cpp(143,1): error C1010: unexpected end of file while looking for precompiled header. Did you forget to add '#include "stdafx.h"' to your source?
  Circle.cpp
E:\2024-2025\OOP\ProjectSVG\TeamProject\SVGDemo\SVGDemo\Circle.cpp(95,1): error C1010: unexpected end of file while looking for precompiled header. Did you forget to add '#include "stdafx.h"' to your source?
  ellipse.cpp
  Gradient.cpp
  Group.cpp
  line.cpp
E:\2024-2025\OOP\ProjectSVG\TeamProject\SVGDemo\SVGDemo\line.cpp(4,1): error C1010: unexpected end of file while looking for precompiled header. Did you forget to add '#include "stdafx.h"' to your source?
  Path.cpp
  polygon.cpp
  Rectangle.cpp
E:\2024-2025\OOP\ProjectSVG\TeamProject\SVGDemo\SVGDemo\Rectangle.cpp(2,10): error C1083: Cannot open include file: 'Rect.h': No such file or directory
  Shape.cpp
  SVGDemo.cpp
E:\2024-2025\OOP\ProjectSVG\TeamProject\SVGDemo\SVGDemo\SVGDemo.cpp(96,14): warning C4244: 'return': conversion from 'WPARAM' to 'int', possible loss of data
  View.cpp
  Generating Code...
